e:\учёба\oc(2сем)\myactivex1\activexcpp2\debug\activexcpp2.lib
e:\учёба\oc(2сем)\myactivex1\activexcpp2\debug\activexcpp2.exp
e:\учёба\oc(2сем)\myactivex1\activexcpp2\activexcpp2\debug\activexcpp2.pch
e:\учёба\oc(2сем)\myactivex1\activexcpp2\activexcpp2\debug\vc140.pdb
e:\учёба\oc(2сем)\myactivex1\activexcpp2\activexcpp2\debug\vc140.idb
e:\учёба\oc(2сем)\myactivex1\activexcpp2\activexcpp2\debug\stdafx.obj
e:\учёба\oc(2сем)\myactivex1\activexcpp2\activexcpp2\debug\activexcpp2.obj
e:\учёба\oc(2сем)\myactivex1\activexcpp2\activexcpp2\debug\activexcpp2ctrl.obj
e:\учёба\oc(2сем)\myactivex1\activexcpp2\activexcpp2\debug\activexcpp2proppage.obj
e:\учёба\oc(2сем)\myactivex1\activexcpp2\debug\activexcpp2.ilk
e:\учёба\oc(2сем)\myactivex1\activexcpp2\debug\activexcpp2.ocx
e:\учёба\oc(2сем)\myactivex1\activexcpp2\debug\activexcpp2.pdb
e:\учёба\oc(2сем)\myactivex1\activexcpp2\activexcpp2\debug\activexcpp2.tlb
e:\учёба\oc(2сем)\myactivex1\activexcpp2\activexcpp2\activexcpp2_i.c
e:\учёба\oc(2сем)\myactivex1\activexcpp2\activexcpp2\activexcpp2idl.h
e:\учёба\oc(2сем)\myactivex1\activexcpp2\activexcpp2\debug\activexcpp2.res
e:\учёба\oc(2сем)\myactivex1\activexcpp2\activexcpp2\debug\activexcpp2.tlog\activexcpp2.write.1u.tlog
e:\учёба\oc(2сем)\myactivex1\activexcpp2\activexcpp2\debug\activexcpp2.tlog\cl.command.1.tlog
e:\учёба\oc(2сем)\myactivex1\activexcpp2\activexcpp2\debug\activexcpp2.tlog\cl.read.1.tlog
e:\учёба\oc(2сем)\myactivex1\activexcpp2\activexcpp2\debug\activexcpp2.tlog\cl.write.1.tlog
e:\учёба\oc(2сем)\myactivex1\activexcpp2\activexcpp2\debug\activexcpp2.tlog\link.command.1.tlog
e:\учёба\oc(2сем)\myactivex1\activexcpp2\activexcpp2\debug\activexcpp2.tlog\link.read.1.tlog
e:\учёба\oc(2сем)\myactivex1\activexcpp2\activexcpp2\debug\activexcpp2.tlog\link.write.1.tlog
e:\учёба\oc(2сем)\myactivex1\activexcpp2\activexcpp2\debug\activexcpp2.tlog\midl.command.1.tlog
e:\учёба\oc(2сем)\myactivex1\activexcpp2\activexcpp2\debug\activexcpp2.tlog\midl.read.1.tlog
e:\учёба\oc(2сем)\myactivex1\activexcpp2\activexcpp2\debug\activexcpp2.tlog\midl.write.1.tlog
e:\учёба\oc(2сем)\myactivex1\activexcpp2\activexcpp2\debug\activexcpp2.tlog\rc.command.1.tlog
e:\учёба\oc(2сем)\myactivex1\activexcpp2\activexcpp2\debug\activexcpp2.tlog\rc.read.1.tlog
e:\учёба\oc(2сем)\myactivex1\activexcpp2\activexcpp2\debug\activexcpp2.tlog\rc.write.1.tlog
