D:\Progs\VS2017\Common7\IDE\VC\VCTargets\Microsoft.CppClean.targets(76,5): warning : Процесс не может получить доступ к файлу "d:\документы\университет\6 семестр\ос\osasp-2\lab_03\activexcpp2\activexcpp2\debug\activexcpp2.pch", так как этот файл используется другим процессом.
  Processing .\ActiveXCPP2.idl
  ActiveXCPP2.idl
  Processing D:\Windows Kits\10\Include\10.0.17763.0\um\oaidl.idl
  oaidl.idl
  Processing D:\Windows Kits\10\Include\10.0.17763.0\um\objidl.idl
  objidl.idl
  Processing D:\Windows Kits\10\Include\10.0.17763.0\um\unknwn.idl
  unknwn.idl
  Processing D:\Windows Kits\10\Include\10.0.17763.0\shared\wtypes.idl
  wtypes.idl
  Processing D:\Windows Kits\10\Include\10.0.17763.0\shared\wtypesbase.idl
  wtypesbase.idl
  Processing D:\Windows Kits\10\Include\10.0.17763.0\shared\basetsd.h
  basetsd.h
  Processing D:\Windows Kits\10\Include\10.0.17763.0\shared\guiddef.h
  guiddef.h
  Processing D:\Windows Kits\10\Include\10.0.17763.0\um\oaidl.acf
  oaidl.acf
  stdafx.cpp
  ActiveXCPP2.cpp
  ActiveXCPP2Ctrl.cpp
  ActiveXCPP2PropPage.cpp
  Создание кода...
     Создается библиотека D:\Документы\Университет\6 семестр\ОС\OSaSP-2\lab_03\ActiveXCPP2\Debug\ActiveXCPP2.lib и объект D:\Документы\Университет\6 семестр\ОС\OSaSP-2\lab_03\ActiveXCPP2\Debug\ActiveXCPP2.exp
  ActiveXCPP2.vcxproj -> D:\Документы\Университет\6 семестр\ОС\OSaSP-2\lab_03\ActiveXCPP2\Debug\ActiveXCPP2.ocx
