d:\документы\университет\6 семестр\ос\lab_14\mfcapplication5\debug\mfcapplication5.pch
d:\документы\университет\6 семестр\ос\lab_14\mfcapplication5\debug\vc142.pdb
d:\документы\университет\6 семестр\ос\lab_14\mfcapplication5\debug\vc142.idb
d:\документы\университет\6 семестр\ос\lab_14\mfcapplication5\debug\pch.obj
d:\документы\университет\6 семестр\ос\lab_14\mfcapplication5\debug\viewtree.obj
d:\документы\университет\6 семестр\ос\lab_14\mfcapplication5\debug\propertieswnd.obj
d:\документы\университет\6 семестр\ос\lab_14\mfcapplication5\debug\outputwnd.obj
d:\документы\университет\6 семестр\ос\lab_14\mfcapplication5\debug\mfcapplication5view.obj
d:\документы\университет\6 семестр\ос\lab_14\mfcapplication5\debug\mfcapplication5doc.obj
d:\документы\университет\6 семестр\ос\lab_14\mfcapplication5\debug\mfcapplication5.obj
d:\документы\университет\6 семестр\ос\lab_14\mfcapplication5\debug\mainfrm.obj
d:\документы\университет\6 семестр\ос\lab_14\mfcapplication5\debug\fileview.obj
d:\документы\университет\6 семестр\ос\lab_14\mfcapplication5\debug\classview.obj
d:\документы\университет\6 семестр\ос\lab_14\mfcapplication5\debug\childfrm.obj
d:\документы\университет\6 семестр\ос\lab_14\debug\mfcapplication5.ilk
d:\документы\университет\6 семестр\ос\lab_14\debug\mfcapplication5.exe
d:\документы\университет\6 семестр\ос\lab_14\debug\mfcapplication5.pdb
d:\документы\университет\6 семестр\ос\lab_14\mfcapplication5\debug\mfcapplication5.res
d:\документы\университет\6 семестр\ос\lab_14\mfcapplication5\debug\mfcapplication5.tlog\cl.command.1.tlog
d:\документы\университет\6 семестр\ос\lab_14\mfcapplication5\debug\mfcapplication5.tlog\cl.read.1.tlog
d:\документы\университет\6 семестр\ос\lab_14\mfcapplication5\debug\mfcapplication5.tlog\cl.write.1.tlog
d:\документы\университет\6 семестр\ос\lab_14\mfcapplication5\debug\mfcapplication5.tlog\link.command.1.tlog
d:\документы\университет\6 семестр\ос\lab_14\mfcapplication5\debug\mfcapplication5.tlog\link.read.1.tlog
d:\документы\университет\6 семестр\ос\lab_14\mfcapplication5\debug\mfcapplication5.tlog\link.write.1.tlog
d:\документы\университет\6 семестр\ос\lab_14\mfcapplication5\debug\mfcapplication5.tlog\rc.command.1.tlog
d:\документы\университет\6 семестр\ос\lab_14\mfcapplication5\debug\mfcapplication5.tlog\rc.read.1.tlog
d:\документы\университет\6 семестр\ос\lab_14\mfcapplication5\debug\mfcapplication5.tlog\rc.write.1.tlog
