c:\users\evgene\source\repos\os_lab_4\mfcdll\debug\mfcdll.pch
c:\users\evgene\source\repos\os_lab_4\mfcdll\debug\vc141.pdb
c:\users\evgene\source\repos\os_lab_4\mfcdll\debug\vc141.idb
c:\users\evgene\source\repos\os_lab_4\mfcdll\debug\stdafx.obj
c:\users\evgene\source\repos\os_lab_4\mfcdll\debug\mfcdll.obj
c:\users\evgene\source\repos\os_lab_4\mfcdll\debug\guid.obj
c:\users\evgene\source\repos\os_lab_4\debug\mfcdll.dll
c:\users\evgene\source\repos\os_lab_4\debug\mfcdll.ilk
c:\users\evgene\source\repos\os_lab_4\debug\mfcdll.pdb
c:\users\evgene\source\repos\os_lab_4\debug\mfcdll.lib
c:\users\evgene\source\repos\os_lab_4\debug\mfcdll.exp
c:\users\evgene\source\repos\os_lab_4\mfcdll\debug\mfcdll.res
d:\документы\университет\6 семестр\ос\os_lab_4\mfcdll\debug\guid.obj
d:\документы\университет\6 семестр\ос\os_lab_4\mfcdll\debug\mfcdll.obj
d:\документы\университет\6 семестр\ос\os_lab_4\mfcdll\debug\stdafx.obj
d:\документы\университет\6 семестр\ос\os_lab_4\mfcdll\debug\mfcdll.res
d:\документы\университет\6 семестр\ос\os_lab_4\mfcdll\debug\mfcdll.pch
d:\документы\университет\6 семестр\ос\os_lab_4\mfcdll\debug\vc141.idb
d:\документы\университет\6 семестр\ос\os_lab_4\mfcdll\debug\vc141.pdb
d:\документы\университет\6 семестр\ос\os_lab_4\debug\mfcdll.pdb
d:\документы\университет\6 семестр\ос\os_lab_4\debug\mfcdll.dll
d:\документы\университет\6 семестр\ос\os_lab_4\debug\mfcdll.ilk
d:\документы\университет\6 семестр\ос\os_lab_4\mfcdll\debug\mfcdll.tlog\cl.command.1.tlog
d:\документы\университет\6 семестр\ос\os_lab_4\mfcdll\debug\mfcdll.tlog\cl.read.1.tlog
d:\документы\университет\6 семестр\ос\os_lab_4\mfcdll\debug\mfcdll.tlog\cl.write.1.tlog
d:\документы\университет\6 семестр\ос\os_lab_4\mfcdll\debug\mfcdll.tlog\link.command.1.tlog
d:\документы\университет\6 семестр\ос\os_lab_4\mfcdll\debug\mfcdll.tlog\link.read.1.tlog
d:\документы\университет\6 семестр\ос\os_lab_4\mfcdll\debug\mfcdll.tlog\link.write.1.tlog
d:\документы\университет\6 семестр\ос\os_lab_4\mfcdll\debug\mfcdll.tlog\mfcdll.write.1u.tlog
d:\документы\университет\6 семестр\ос\os_lab_4\mfcdll\debug\mfcdll.tlog\rc.command.1.tlog
d:\документы\университет\6 семестр\ос\os_lab_4\mfcdll\debug\mfcdll.tlog\rc.read.1.tlog
d:\документы\университет\6 семестр\ос\os_lab_4\mfcdll\debug\mfcdll.tlog\rc.write.1.tlog
